2014-03-04 15:30:48,327 [Main.java:12][DEBUG]:Starting application context
2014-03-04 15:30:48,428 [MutablePropertySources.java:110][DEBUG]:Adding [systemProperties] PropertySource with lowest search precedence
2014-03-04 15:30:48,430 [MutablePropertySources.java:110][DEBUG]:Adding [systemEnvironment] PropertySource with lowest search precedence
2014-03-04 15:30:48,431 [AbstractEnvironment.java:126][DEBUG]:Initialized StandardEnvironment with PropertySources [systemProperties,systemEnvironment]
2014-03-04 15:30:48,478 [AbstractApplicationContext.java:513][INFO]:Refreshing org.springframework.context.annotation.AnnotationConfigApplicationContext@37922221: startup date [Tue Mar 04 15:30:48 CST 2014]; root of context hierarchy
2014-03-04 15:30:48,478 [AbstractApplicationContext.java:543][DEBUG]:Bean factory for org.springframework.context.annotation.AnnotationConfigApplicationContext@37922221: org.springframework.beans.factory.support.DefaultListableBeanFactory@61c80b01: defining beans [org.springframework.context.annotation.internalConfigurationAnnotationProcessor,org.springframework.context.annotation.internalAutowiredAnnotationProcessor,org.springframework.context.annotation.internalRequiredAnnotationProcessor,org.springframework.context.annotation.internalCommonAnnotationProcessor,springConfig]; root of factory hierarchy
2014-03-04 15:30:48,488 [DefaultSingletonBeanRegistry.java:220][DEBUG]:Creating shared instance of singleton bean 'org.springframework.context.annotation.internalConfigurationAnnotationProcessor'
2014-03-04 15:30:48,488 [AbstractAutowireCapableBeanFactory.java:449][DEBUG]:Creating instance of bean 'org.springframework.context.annotation.internalConfigurationAnnotationProcessor'
2014-03-04 15:30:48,501 [AbstractAutowireCapableBeanFactory.java:523][DEBUG]:Eagerly caching bean 'org.springframework.context.annotation.internalConfigurationAnnotationProcessor' to allow for resolving potential circular references
2014-03-04 15:30:48,504 [AbstractAutowireCapableBeanFactory.java:477][DEBUG]:Finished creating instance of bean 'org.springframework.context.annotation.internalConfigurationAnnotationProcessor'
2014-03-04 15:30:48,522 [MutablePropertySources.java:110][DEBUG]:Adding [systemProperties] PropertySource with lowest search precedence
2014-03-04 15:30:48,522 [MutablePropertySources.java:110][DEBUG]:Adding [systemEnvironment] PropertySource with lowest search precedence
2014-03-04 15:30:48,522 [AbstractEnvironment.java:126][DEBUG]:Initialized StandardEnvironment with PropertySources [systemProperties,systemEnvironment]
2014-03-04 15:30:48,526 [PathMatchingResourcePatternResolver.java:553][DEBUG]:Looking for matching resources in directory tree [E:\workspace\idea\spring-with-netty\target\classes\com\moo]
2014-03-04 15:30:48,526 [PathMatchingResourcePatternResolver.java:615][DEBUG]:Searching directory [E:\workspace\idea\spring-with-netty\target\classes\com\moo] for files matching pattern [E:/workspace/idea/spring-with-netty/target/classes/com/moo/**/*.class]
2014-03-04 15:30:48,527 [PathMatchingResourcePatternResolver.java:615][DEBUG]:Searching directory [E:\workspace\idea\spring-with-netty\target\classes\com\moo\springnetty] for files matching pattern [E:/workspace/idea/spring-with-netty/target/classes/com/moo/**/*.class]
2014-03-04 15:30:48,529 [PathMatchingResourcePatternResolver.java:615][DEBUG]:Searching directory [E:\workspace\idea\spring-with-netty\target\classes\com\moo\springnetty\cfg] for files matching pattern [E:/workspace/idea/spring-with-netty/target/classes/com/moo/**/*.class]
2014-03-04 15:30:48,529 [PathMatchingResourcePatternResolver.java:615][DEBUG]:Searching directory [E:\workspace\idea\spring-with-netty\target\classes\com\moo\springnetty\handlers] for files matching pattern [E:/workspace/idea/spring-with-netty/target/classes/com/moo/**/*.class]
2014-03-04 15:30:48,530 [PathMatchingResourcePatternResolver.java:615][DEBUG]:Searching directory [E:\workspace\idea\spring-with-netty\target\classes\com\moo\springnetty\server] for files matching pattern [E:/workspace/idea/spring-with-netty/target/classes/com/moo/**/*.class]
2014-03-04 15:30:48,531 [PathMatchingResourcePatternResolver.java:354][DEBUG]:Resolved location pattern [classpath*:com/moo/**/*.class] to resources [file [E:\workspace\idea\spring-with-netty\target\classes\com\moo\springnetty\cfg\SpringConfig.class], file [E:\workspace\idea\spring-with-netty\target\classes\com\moo\springnetty\handlers\ServerHandler.class], file [E:\workspace\idea\spring-with-netty\target\classes\com\moo\springnetty\handlers\StringProtocolInitalizer.class], file [E:\workspace\idea\spring-with-netty\target\classes\com\moo\springnetty\server\Main.class], file [E:\workspace\idea\spring-with-netty\target\classes\com\moo\springnetty\server\TCPServer.class]]
2014-03-04 15:30:48,550 [ClassPathScanningCandidateComponentProvider.java:284][DEBUG]:Identified candidate component class: file [E:\workspace\idea\spring-with-netty\target\classes\com\moo\springnetty\handlers\ServerHandler.class]
2014-03-04 15:30:48,551 [ClassPathScanningCandidateComponentProvider.java:284][DEBUG]:Identified candidate component class: file [E:\workspace\idea\spring-with-netty\target\classes\com\moo\springnetty\handlers\StringProtocolInitalizer.class]
2014-03-04 15:30:48,553 [ClassPathScanningCandidateComponentProvider.java:284][DEBUG]:Identified candidate component class: file [E:\workspace\idea\spring-with-netty\target\classes\com\moo\springnetty\server\TCPServer.class]
2014-03-04 15:30:48,574 [MutablePropertySources.java:110][DEBUG]:Adding [class path resource [netty-server.properties]] PropertySource with lowest search precedence
2014-03-04 15:30:48,577 [ConfigurationClassBeanDefinitionReader.java:248][DEBUG]:Registering bean definition for @Bean method com.moo.springnetty.cfg.SpringConfig.tcpSocketAddress()
2014-03-04 15:30:48,577 [ConfigurationClassBeanDefinitionReader.java:248][DEBUG]:Registering bean definition for @Bean method com.moo.springnetty.cfg.SpringConfig.serverBootstrap()
2014-03-04 15:30:48,578 [ConfigurationClassBeanDefinitionReader.java:248][DEBUG]:Registering bean definition for @Bean method com.moo.springnetty.cfg.SpringConfig.tcpChannelOptions()
2014-03-04 15:30:48,579 [ConfigurationClassBeanDefinitionReader.java:248][DEBUG]:Registering bean definition for @Bean method com.moo.springnetty.cfg.SpringConfig.bossGroup()
2014-03-04 15:30:48,580 [ConfigurationClassBeanDefinitionReader.java:248][DEBUG]:Registering bean definition for @Bean method com.moo.springnetty.cfg.SpringConfig.workerGroup()
2014-03-04 15:30:48,581 [ConfigurationClassBeanDefinitionReader.java:248][DEBUG]:Registering bean definition for @Bean method com.moo.springnetty.cfg.SpringConfig.stringEncoder()
2014-03-04 15:30:48,582 [ConfigurationClassBeanDefinitionReader.java:248][DEBUG]:Registering bean definition for @Bean method com.moo.springnetty.cfg.SpringConfig.stringDecoder()
2014-03-04 15:30:48,583 [ConfigurationClassBeanDefinitionReader.java:248][DEBUG]:Registering bean definition for @Bean method com.moo.springnetty.cfg.SpringConfig.propertyPlaceholderConfigurer()
2014-03-04 15:30:48,645 [ConfigurationClassEnhancer.java:102][DEBUG]:Successfully enhanced com.moo.springnetty.cfg.SpringConfig; enhanced class name is: com.moo.springnetty.cfg.SpringConfig$$EnhancerBySpringCGLIB$$142086c9
2014-03-04 15:30:48,645 [ConfigurationClassPostProcessor.java:371][DEBUG]:Replacing bean definition 'springConfig' existing class name 'com.moo.springnetty.cfg.SpringConfig' with enhanced class name 'com.moo.springnetty.cfg.SpringConfig$$EnhancerBySpringCGLIB$$142086c9'
2014-03-04 15:30:48,652 [DefaultSingletonBeanRegistry.java:220][DEBUG]:Creating shared instance of singleton bean 'propertyPlaceholderConfigurer'
2014-03-04 15:30:48,652 [AbstractAutowireCapableBeanFactory.java:449][DEBUG]:Creating instance of bean 'propertyPlaceholderConfigurer'
2014-03-04 15:30:48,659 [AbstractAutowireCapableBeanFactory.java:523][DEBUG]:Eagerly caching bean 'propertyPlaceholderConfigurer' to allow for resolving potential circular references
2014-03-04 15:30:48,659 [AbstractAutowireCapableBeanFactory.java:477][DEBUG]:Finished creating instance of bean 'propertyPlaceholderConfigurer'
2014-03-04 15:30:48,659 [MutablePropertySources.java:110][DEBUG]:Adding [environmentProperties] PropertySource with lowest search precedence
2014-03-04 15:30:48,660 [MutablePropertySources.java:110][DEBUG]:Adding [localProperties] PropertySource with lowest search precedence
2014-03-04 15:30:48,667 [DefaultSingletonBeanRegistry.java:220][DEBUG]:Creating shared instance of singleton bean 'org.springframework.context.annotation.internalAutowiredAnnotationProcessor'
2014-03-04 15:30:48,667 [AbstractAutowireCapableBeanFactory.java:449][DEBUG]:Creating instance of bean 'org.springframework.context.annotation.internalAutowiredAnnotationProcessor'
2014-03-04 15:30:48,668 [AbstractAutowireCapableBeanFactory.java:523][DEBUG]:Eagerly caching bean 'org.springframework.context.annotation.internalAutowiredAnnotationProcessor' to allow for resolving potential circular references
2014-03-04 15:30:48,668 [AbstractAutowireCapableBeanFactory.java:477][DEBUG]:Finished creating instance of bean 'org.springframework.context.annotation.internalAutowiredAnnotationProcessor'
2014-03-04 15:30:48,668 [DefaultSingletonBeanRegistry.java:220][DEBUG]:Creating shared instance of singleton bean 'org.springframework.context.annotation.internalRequiredAnnotationProcessor'
2014-03-04 15:30:48,668 [AbstractAutowireCapableBeanFactory.java:449][DEBUG]:Creating instance of bean 'org.springframework.context.annotation.internalRequiredAnnotationProcessor'
2014-03-04 15:30:48,668 [AbstractAutowireCapableBeanFactory.java:523][DEBUG]:Eagerly caching bean 'org.springframework.context.annotation.internalRequiredAnnotationProcessor' to allow for resolving potential circular references
2014-03-04 15:30:48,669 [AbstractAutowireCapableBeanFactory.java:477][DEBUG]:Finished creating instance of bean 'org.springframework.context.annotation.internalRequiredAnnotationProcessor'
2014-03-04 15:30:48,669 [DefaultSingletonBeanRegistry.java:220][DEBUG]:Creating shared instance of singleton bean 'org.springframework.context.annotation.internalCommonAnnotationProcessor'
2014-03-04 15:30:48,669 [AbstractAutowireCapableBeanFactory.java:449][DEBUG]:Creating instance of bean 'org.springframework.context.annotation.internalCommonAnnotationProcessor'
2014-03-04 15:30:48,714 [AbstractAutowireCapableBeanFactory.java:523][DEBUG]:Eagerly caching bean 'org.springframework.context.annotation.internalCommonAnnotationProcessor' to allow for resolving potential circular references
2014-03-04 15:30:48,714 [AbstractAutowireCapableBeanFactory.java:477][DEBUG]:Finished creating instance of bean 'org.springframework.context.annotation.internalCommonAnnotationProcessor'
2014-03-04 15:30:48,714 [DefaultSingletonBeanRegistry.java:220][DEBUG]:Creating shared instance of singleton bean 'org.springframework.context.annotation.ConfigurationClassPostProcessor.importAwareProcessor'
2014-03-04 15:30:48,715 [AbstractAutowireCapableBeanFactory.java:449][DEBUG]:Creating instance of bean 'org.springframework.context.annotation.ConfigurationClassPostProcessor.importAwareProcessor'
2014-03-04 15:30:48,715 [AbstractAutowireCapableBeanFactory.java:523][DEBUG]:Eagerly caching bean 'org.springframework.context.annotation.ConfigurationClassPostProcessor.importAwareProcessor' to allow for resolving potential circular references
2014-03-04 15:30:48,715 [AbstractAutowireCapableBeanFactory.java:477][DEBUG]:Finished creating instance of bean 'org.springframework.context.annotation.ConfigurationClassPostProcessor.importAwareProcessor'
2014-03-04 15:30:48,715 [DefaultSingletonBeanRegistry.java:220][DEBUG]:Creating shared instance of singleton bean 'org.springframework.context.annotation.ConfigurationClassPostProcessor.enhancedConfigurationProcessor'
2014-03-04 15:30:48,715 [AbstractAutowireCapableBeanFactory.java:449][DEBUG]:Creating instance of bean 'org.springframework.context.annotation.ConfigurationClassPostProcessor.enhancedConfigurationProcessor'
2014-03-04 15:30:48,716 [AbstractAutowireCapableBeanFactory.java:523][DEBUG]:Eagerly caching bean 'org.springframework.context.annotation.ConfigurationClassPostProcessor.enhancedConfigurationProcessor' to allow for resolving potential circular references
2014-03-04 15:30:48,716 [AbstractAutowireCapableBeanFactory.java:477][DEBUG]:Finished creating instance of bean 'org.springframework.context.annotation.ConfigurationClassPostProcessor.enhancedConfigurationProcessor'
2014-03-04 15:30:48,720 [AbstractApplicationContext.java:649][DEBUG]:Unable to locate MessageSource with name 'messageSource': using default [org.springframework.context.support.DelegatingMessageSource@470b9279]
2014-03-04 15:30:48,723 [AbstractApplicationContext.java:673][DEBUG]:Unable to locate ApplicationEventMulticaster with name 'applicationEventMulticaster': using default [org.springframework.context.event.SimpleApplicationEventMulticaster@1629ce8c]
2014-03-04 15:30:48,743 [DefaultListableBeanFactory.java:669][DEBUG]:Pre-instantiating singletons in org.springframework.beans.factory.support.DefaultListableBeanFactory@61c80b01: defining beans [org.springframework.context.annotation.internalConfigurationAnnotationProcessor,org.springframework.context.annotation.internalAutowiredAnnotationProcessor,org.springframework.context.annotation.internalRequiredAnnotationProcessor,org.springframework.context.annotation.internalCommonAnnotationProcessor,springConfig,org.springframework.context.annotation.ConfigurationClassPostProcessor.importAwareProcessor,org.springframework.context.annotation.ConfigurationClassPostProcessor.enhancedConfigurationProcessor,serverHandler,stringProtocolInitalizer,TCPServer,tcpSocketAddress,serverBootstrap,tcpChannelOptions,bossGroup,workerGroup,stringEncoder,stringDecoder,propertyPlaceholderConfigurer]; root of factory hierarchy
2014-03-04 15:30:48,743 [AbstractBeanFactory.java:249][DEBUG]:Returning cached instance of singleton bean 'org.springframework.context.annotation.internalConfigurationAnnotationProcessor'
2014-03-04 15:30:48,743 [AbstractBeanFactory.java:249][DEBUG]:Returning cached instance of singleton bean 'org.springframework.context.annotation.internalAutowiredAnnotationProcessor'
2014-03-04 15:30:48,743 [AbstractBeanFactory.java:249][DEBUG]:Returning cached instance of singleton bean 'org.springframework.context.annotation.internalRequiredAnnotationProcessor'
2014-03-04 15:30:48,744 [AbstractBeanFactory.java:249][DEBUG]:Returning cached instance of singleton bean 'org.springframework.context.annotation.internalCommonAnnotationProcessor'
2014-03-04 15:30:48,744 [DefaultSingletonBeanRegistry.java:220][DEBUG]:Creating shared instance of singleton bean 'springConfig'
2014-03-04 15:30:48,744 [AbstractAutowireCapableBeanFactory.java:449][DEBUG]:Creating instance of bean 'springConfig'
2014-03-04 15:30:48,761 [InjectionMetadata.java:71][DEBUG]:Registered injected element on class [com.moo.springnetty.cfg.SpringConfig$$EnhancerBySpringCGLIB$$142086c9]: AutowiredFieldElement for private int com.moo.springnetty.cfg.SpringConfig.bossCount
2014-03-04 15:30:48,761 [InjectionMetadata.java:71][DEBUG]:Registered injected element on class [com.moo.springnetty.cfg.SpringConfig$$EnhancerBySpringCGLIB$$142086c9]: AutowiredFieldElement for private int com.moo.springnetty.cfg.SpringConfig.workerCount
2014-03-04 15:30:48,762 [InjectionMetadata.java:71][DEBUG]:Registered injected element on class [com.moo.springnetty.cfg.SpringConfig$$EnhancerBySpringCGLIB$$142086c9]: AutowiredFieldElement for private int com.moo.springnetty.cfg.SpringConfig.tcpPort
2014-03-04 15:30:48,762 [InjectionMetadata.java:71][DEBUG]:Registered injected element on class [com.moo.springnetty.cfg.SpringConfig$$EnhancerBySpringCGLIB$$142086c9]: AutowiredFieldElement for private boolean com.moo.springnetty.cfg.SpringConfig.keepAlive
2014-03-04 15:30:48,762 [InjectionMetadata.java:71][DEBUG]:Registered injected element on class [com.moo.springnetty.cfg.SpringConfig$$EnhancerBySpringCGLIB$$142086c9]: AutowiredFieldElement for private int com.moo.springnetty.cfg.SpringConfig.backlog
2014-03-04 15:30:48,762 [InjectionMetadata.java:71][DEBUG]:Registered injected element on class [com.moo.springnetty.cfg.SpringConfig$$EnhancerBySpringCGLIB$$142086c9]: AutowiredFieldElement for private java.lang.String com.moo.springnetty.cfg.SpringConfig.log4jConfiguration
2014-03-04 15:30:48,762 [InjectionMetadata.java:71][DEBUG]:Registered injected element on class [com.moo.springnetty.cfg.SpringConfig$$EnhancerBySpringCGLIB$$142086c9]: AutowiredFieldElement for private com.moo.springnetty.handlers.StringProtocolInitalizer com.moo.springnetty.cfg.SpringConfig.protocolInitalizer
2014-03-04 15:30:48,762 [AbstractAutowireCapableBeanFactory.java:523][DEBUG]:Eagerly caching bean 'springConfig' to allow for resolving potential circular references
2014-03-04 15:30:48,770 [InjectionMetadata.java:85][DEBUG]:Processing injected method of bean 'springConfig': AutowiredFieldElement for private int com.moo.springnetty.cfg.SpringConfig.bossCount
2014-03-04 15:30:48,771 [PropertySourcesPropertyResolver.java:81][DEBUG]:Searching for key 'boss.thread.count' in [environmentProperties]
2014-03-04 15:30:48,771 [PropertySourcesPropertyResolver.java:81][DEBUG]:Searching for key 'boss.thread.count' in [systemProperties]
2014-03-04 15:30:48,772 [PropertySourcesPropertyResolver.java:81][DEBUG]:Searching for key 'boss.thread.count' in [systemEnvironment]
2014-03-04 15:30:48,772 [PropertySourcesPropertyResolver.java:81][DEBUG]:Searching for key 'boss.thread.count' in [class path resource [netty-server.properties]]
2014-03-04 15:30:48,772 [PropertySourcesPropertyResolver.java:90][DEBUG]:Found key 'boss.thread.count' in [class path resource [netty-server.properties]] with type [String] and value '2'
2014-03-04 15:30:48,773 [PropertySourcesPropertyResolver.java:90][DEBUG]:Found key 'boss.thread.count' in [environmentProperties] with type [String] and value '2'
2014-03-04 15:30:48,804 [InjectionMetadata.java:85][DEBUG]:Processing injected method of bean 'springConfig': AutowiredFieldElement for private int com.moo.springnetty.cfg.SpringConfig.workerCount
2014-03-04 15:30:48,804 [PropertySourcesPropertyResolver.java:81][DEBUG]:Searching for key 'worker.thread.count' in [environmentProperties]
2014-03-04 15:30:48,804 [PropertySourcesPropertyResolver.java:81][DEBUG]:Searching for key 'worker.thread.count' in [systemProperties]
2014-03-04 15:30:48,804 [PropertySourcesPropertyResolver.java:81][DEBUG]:Searching for key 'worker.thread.count' in [systemEnvironment]
2014-03-04 15:30:48,805 [PropertySourcesPropertyResolver.java:81][DEBUG]:Searching for key 'worker.thread.count' in [class path resource [netty-server.properties]]
2014-03-04 15:30:48,805 [PropertySourcesPropertyResolver.java:90][DEBUG]:Found key 'worker.thread.count' in [class path resource [netty-server.properties]] with type [String] and value '2'
2014-03-04 15:30:48,805 [PropertySourcesPropertyResolver.java:90][DEBUG]:Found key 'worker.thread.count' in [environmentProperties] with type [String] and value '2'
2014-03-04 15:30:48,805 [InjectionMetadata.java:85][DEBUG]:Processing injected method of bean 'springConfig': AutowiredFieldElement for private int com.moo.springnetty.cfg.SpringConfig.tcpPort
2014-03-04 15:30:48,806 [PropertySourcesPropertyResolver.java:81][DEBUG]:Searching for key 'tcp.port' in [environmentProperties]
2014-03-04 15:30:48,806 [PropertySourcesPropertyResolver.java:81][DEBUG]:Searching for key 'tcp.port' in [systemProperties]
2014-03-04 15:30:48,806 [PropertySourcesPropertyResolver.java:81][DEBUG]:Searching for key 'tcp.port' in [systemEnvironment]
2014-03-04 15:30:48,806 [PropertySourcesPropertyResolver.java:81][DEBUG]:Searching for key 'tcp.port' in [class path resource [netty-server.properties]]
2014-03-04 15:30:48,806 [PropertySourcesPropertyResolver.java:90][DEBUG]:Found key 'tcp.port' in [class path resource [netty-server.properties]] with type [String] and value '8090'
2014-03-04 15:30:48,807 [PropertySourcesPropertyResolver.java:90][DEBUG]:Found key 'tcp.port' in [environmentProperties] with type [String] and value '8090'
2014-03-04 15:30:48,807 [InjectionMetadata.java:85][DEBUG]:Processing injected method of bean 'springConfig': AutowiredFieldElement for private boolean com.moo.springnetty.cfg.SpringConfig.keepAlive
2014-03-04 15:30:48,807 [PropertySourcesPropertyResolver.java:81][DEBUG]:Searching for key 'so.keepalive' in [environmentProperties]
2014-03-04 15:30:48,807 [PropertySourcesPropertyResolver.java:81][DEBUG]:Searching for key 'so.keepalive' in [systemProperties]
2014-03-04 15:30:48,807 [PropertySourcesPropertyResolver.java:81][DEBUG]:Searching for key 'so.keepalive' in [systemEnvironment]
2014-03-04 15:30:48,807 [PropertySourcesPropertyResolver.java:81][DEBUG]:Searching for key 'so.keepalive' in [class path resource [netty-server.properties]]
2014-03-04 15:30:48,808 [PropertySourcesPropertyResolver.java:90][DEBUG]:Found key 'so.keepalive' in [class path resource [netty-server.properties]] with type [String] and value 'true'
2014-03-04 15:30:48,808 [PropertySourcesPropertyResolver.java:90][DEBUG]:Found key 'so.keepalive' in [environmentProperties] with type [String] and value 'true'
2014-03-04 15:30:48,808 [InjectionMetadata.java:85][DEBUG]:Processing injected method of bean 'springConfig': AutowiredFieldElement for private int com.moo.springnetty.cfg.SpringConfig.backlog
2014-03-04 15:30:48,808 [PropertySourcesPropertyResolver.java:81][DEBUG]:Searching for key 'so.backlog' in [environmentProperties]
2014-03-04 15:30:48,808 [PropertySourcesPropertyResolver.java:81][DEBUG]:Searching for key 'so.backlog' in [systemProperties]
2014-03-04 15:30:48,809 [PropertySourcesPropertyResolver.java:81][DEBUG]:Searching for key 'so.backlog' in [systemEnvironment]
2014-03-04 15:30:48,809 [PropertySourcesPropertyResolver.java:81][DEBUG]:Searching for key 'so.backlog' in [class path resource [netty-server.properties]]
2014-03-04 15:30:48,809 [PropertySourcesPropertyResolver.java:90][DEBUG]:Found key 'so.backlog' in [class path resource [netty-server.properties]] with type [String] and value '100'
2014-03-04 15:30:48,809 [PropertySourcesPropertyResolver.java:90][DEBUG]:Found key 'so.backlog' in [environmentProperties] with type [String] and value '100'
2014-03-04 15:30:48,809 [InjectionMetadata.java:85][DEBUG]:Processing injected method of bean 'springConfig': AutowiredFieldElement for private java.lang.String com.moo.springnetty.cfg.SpringConfig.log4jConfiguration
2014-03-04 15:30:48,810 [PropertySourcesPropertyResolver.java:81][DEBUG]:Searching for key 'log4j.configuration' in [environmentProperties]
2014-03-04 15:30:48,810 [PropertySourcesPropertyResolver.java:81][DEBUG]:Searching for key 'log4j.configuration' in [systemProperties]
2014-03-04 15:30:48,810 [PropertySourcesPropertyResolver.java:81][DEBUG]:Searching for key 'log4j.configuration' in [systemEnvironment]
2014-03-04 15:30:48,810 [PropertySourcesPropertyResolver.java:81][DEBUG]:Searching for key 'log4j.configuration' in [class path resource [netty-server.properties]]
2014-03-04 15:30:48,810 [PropertySourcesPropertyResolver.java:90][DEBUG]:Found key 'log4j.configuration' in [class path resource [netty-server.properties]] with type [String] and value 'SpringNettyLog4j.properties'
2014-03-04 15:30:48,811 [PropertySourcesPropertyResolver.java:90][DEBUG]:Found key 'log4j.configuration' in [environmentProperties] with type [String] and value 'SpringNettyLog4j.properties'
2014-03-04 15:30:48,811 [InjectionMetadata.java:85][DEBUG]:Processing injected method of bean 'springConfig': AutowiredFieldElement for private com.moo.springnetty.handlers.StringProtocolInitalizer com.moo.springnetty.cfg.SpringConfig.protocolInitalizer
2014-03-04 15:30:48,813 [DefaultSingletonBeanRegistry.java:220][DEBUG]:Creating shared instance of singleton bean 'stringProtocolInitalizer'
2014-03-04 15:30:48,814 [AbstractAutowireCapableBeanFactory.java:449][DEBUG]:Creating instance of bean 'stringProtocolInitalizer'
2014-03-04 15:30:48,817 [Slf4JLogger.java:71][DEBUG]:Using SLF4J as the default logging framework
2014-03-04 15:30:48,822 [InjectionMetadata.java:71][DEBUG]:Registered injected element on class [com.moo.springnetty.handlers.StringProtocolInitalizer]: AutowiredFieldElement for io.netty.handler.codec.string.StringDecoder com.moo.springnetty.handlers.StringProtocolInitalizer.stringDecoder
2014-03-04 15:30:48,823 [InjectionMetadata.java:71][DEBUG]:Registered injected element on class [com.moo.springnetty.handlers.StringProtocolInitalizer]: AutowiredFieldElement for io.netty.handler.codec.string.StringEncoder com.moo.springnetty.handlers.StringProtocolInitalizer.stringEncoder
2014-03-04 15:30:48,823 [InjectionMetadata.java:71][DEBUG]:Registered injected element on class [com.moo.springnetty.handlers.StringProtocolInitalizer]: AutowiredFieldElement for com.moo.springnetty.handlers.ServerHandler com.moo.springnetty.handlers.StringProtocolInitalizer.serverHandler
2014-03-04 15:30:48,823 [AbstractAutowireCapableBeanFactory.java:523][DEBUG]:Eagerly caching bean 'stringProtocolInitalizer' to allow for resolving potential circular references
2014-03-04 15:30:48,826 [InjectionMetadata.java:85][DEBUG]:Processing injected method of bean 'stringProtocolInitalizer': AutowiredFieldElement for io.netty.handler.codec.string.StringDecoder com.moo.springnetty.handlers.StringProtocolInitalizer.stringDecoder
2014-03-04 15:30:48,827 [DefaultSingletonBeanRegistry.java:220][DEBUG]:Creating shared instance of singleton bean 'stringDecoder'
2014-03-04 15:30:48,827 [AbstractAutowireCapableBeanFactory.java:449][DEBUG]:Creating instance of bean 'stringDecoder'
2014-03-04 15:30:48,827 [AbstractBeanFactory.java:245][DEBUG]:Returning eagerly cached instance of singleton bean 'springConfig' that is not fully initialized yet - a consequence of a circular reference
2014-03-04 15:30:48,845 [Slf4JLogger.java:71][DEBUG]:Platform: Windows
2014-03-04 15:30:48,847 [Slf4JLogger.java:76][DEBUG]:Java version: 6
2014-03-04 15:30:48,847 [Slf4JLogger.java:76][DEBUG]:-Dio.netty.noUnsafe: false
2014-03-04 15:30:48,850 [Slf4JLogger.java:76][DEBUG]:java.nio.ByteBuffer.cleaner: available
2014-03-04 15:30:48,850 [Slf4JLogger.java:76][DEBUG]:java.nio.Buffer.address: available
2014-03-04 15:30:48,850 [Slf4JLogger.java:76][DEBUG]:sun.misc.Unsafe.theUnsafe: available
2014-03-04 15:30:48,851 [Slf4JLogger.java:71][DEBUG]:sun.misc.Unsafe.copyMemory: available
2014-03-04 15:30:48,851 [Slf4JLogger.java:76][DEBUG]:java.nio.Bits.unaligned: true
2014-03-04 15:30:48,851 [Slf4JLogger.java:76][DEBUG]:sun.misc.Unsafe: available
2014-03-04 15:30:48,851 [Slf4JLogger.java:76][DEBUG]:-Dio.netty.noJavassist: false
2014-03-04 15:30:48,852 [Slf4JLogger.java:71][DEBUG]:Javassist: unavailable
2014-03-04 15:30:48,852 [Slf4JLogger.java:71][DEBUG]:You don't have Javassist in your class path or you don't have enough permission to load dynamically generated classes.  Please check the configuration for better performance.
2014-03-04 15:30:48,852 [Slf4JLogger.java:76][DEBUG]:-Dio.netty.tmpdir: C:\Users\zheng\AppData\Local\Temp (java.io.tmpdir)
2014-03-04 15:30:48,853 [Slf4JLogger.java:76][DEBUG]:-Dio.netty.bitMode: 64 (sun.arch.data.model)
2014-03-04 15:30:48,853 [Slf4JLogger.java:76][DEBUG]:-Dio.netty.noPreferDirect: false
2014-03-04 15:30:48,856 [AbstractAutowireCapableBeanFactory.java:523][DEBUG]:Eagerly caching bean 'stringDecoder' to allow for resolving potential circular references
2014-03-04 15:30:48,858 [AbstractAutowireCapableBeanFactory.java:477][DEBUG]:Finished creating instance of bean 'stringDecoder'
2014-03-04 15:30:48,858 [AutowiredAnnotationBeanPostProcessor.java:427][DEBUG]:Autowiring by type from bean name 'stringProtocolInitalizer' to bean named 'stringDecoder'
2014-03-04 15:30:48,859 [InjectionMetadata.java:85][DEBUG]:Processing injected method of bean 'stringProtocolInitalizer': AutowiredFieldElement for io.netty.handler.codec.string.StringEncoder com.moo.springnetty.handlers.StringProtocolInitalizer.stringEncoder
2014-03-04 15:30:48,859 [DefaultSingletonBeanRegistry.java:220][DEBUG]:Creating shared instance of singleton bean 'stringEncoder'
2014-03-04 15:30:48,859 [AbstractAutowireCapableBeanFactory.java:449][DEBUG]:Creating instance of bean 'stringEncoder'
2014-03-04 15:30:48,859 [AbstractBeanFactory.java:245][DEBUG]:Returning eagerly cached instance of singleton bean 'springConfig' that is not fully initialized yet - a consequence of a circular reference
2014-03-04 15:30:48,864 [AbstractAutowireCapableBeanFactory.java:523][DEBUG]:Eagerly caching bean 'stringEncoder' to allow for resolving potential circular references
2014-03-04 15:30:48,867 [AbstractAutowireCapableBeanFactory.java:477][DEBUG]:Finished creating instance of bean 'stringEncoder'
2014-03-04 15:30:48,867 [AutowiredAnnotationBeanPostProcessor.java:427][DEBUG]:Autowiring by type from bean name 'stringProtocolInitalizer' to bean named 'stringEncoder'
2014-03-04 15:30:48,867 [InjectionMetadata.java:85][DEBUG]:Processing injected method of bean 'stringProtocolInitalizer': AutowiredFieldElement for com.moo.springnetty.handlers.ServerHandler com.moo.springnetty.handlers.StringProtocolInitalizer.serverHandler
2014-03-04 15:30:48,867 [DefaultSingletonBeanRegistry.java:220][DEBUG]:Creating shared instance of singleton bean 'serverHandler'
2014-03-04 15:30:48,868 [AbstractAutowireCapableBeanFactory.java:449][DEBUG]:Creating instance of bean 'serverHandler'
2014-03-04 15:30:48,869 [AbstractAutowireCapableBeanFactory.java:523][DEBUG]:Eagerly caching bean 'serverHandler' to allow for resolving potential circular references
2014-03-04 15:30:48,871 [AbstractAutowireCapableBeanFactory.java:477][DEBUG]:Finished creating instance of bean 'serverHandler'
2014-03-04 15:30:48,872 [AutowiredAnnotationBeanPostProcessor.java:427][DEBUG]:Autowiring by type from bean name 'stringProtocolInitalizer' to bean named 'serverHandler'
2014-03-04 15:30:48,872 [AbstractAutowireCapableBeanFactory.java:477][DEBUG]:Finished creating instance of bean 'stringProtocolInitalizer'
2014-03-04 15:30:48,872 [AutowiredAnnotationBeanPostProcessor.java:427][DEBUG]:Autowiring by type from bean name 'springConfig' to bean named 'stringProtocolInitalizer'
2014-03-04 15:30:48,872 [AbstractAutowireCapableBeanFactory.java:477][DEBUG]:Finished creating instance of bean 'springConfig'
2014-03-04 15:30:48,872 [AbstractBeanFactory.java:249][DEBUG]:Returning cached instance of singleton bean 'org.springframework.context.annotation.ConfigurationClassPostProcessor.importAwareProcessor'
2014-03-04 15:30:48,872 [AbstractBeanFactory.java:249][DEBUG]:Returning cached instance of singleton bean 'org.springframework.context.annotation.ConfigurationClassPostProcessor.enhancedConfigurationProcessor'
2014-03-04 15:30:48,872 [AbstractBeanFactory.java:249][DEBUG]:Returning cached instance of singleton bean 'serverHandler'
2014-03-04 15:30:48,873 [AbstractBeanFactory.java:249][DEBUG]:Returning cached instance of singleton bean 'stringProtocolInitalizer'
2014-03-04 15:30:48,873 [DefaultSingletonBeanRegistry.java:220][DEBUG]:Creating shared instance of singleton bean 'TCPServer'
2014-03-04 15:30:48,873 [AbstractAutowireCapableBeanFactory.java:449][DEBUG]:Creating instance of bean 'TCPServer'
2014-03-04 15:30:48,874 [InitDestroyAnnotationBeanPostProcessor.java:205][DEBUG]:Found init method on class [com.moo.springnetty.server.TCPServer]: public void com.moo.springnetty.server.TCPServer.start() throws java.lang.Exception
2014-03-04 15:30:48,875 [InitDestroyAnnotationBeanPostProcessor.java:213][DEBUG]:Found destroy method on class [com.moo.springnetty.server.TCPServer]: public void com.moo.springnetty.server.TCPServer.stop()
2014-03-04 15:30:48,875 [InitDestroyAnnotationBeanPostProcessor.java:272][DEBUG]:Registered init method on class [com.moo.springnetty.server.TCPServer]: org.springframework.beans.factory.annotation.InitDestroyAnnotationBeanPostProcessor$LifecycleElement@68ac462
2014-03-04 15:30:48,875 [InitDestroyAnnotationBeanPostProcessor.java:283][DEBUG]:Registered destroy method on class [com.moo.springnetty.server.TCPServer]: org.springframework.beans.factory.annotation.InitDestroyAnnotationBeanPostProcessor$LifecycleElement@360802
2014-03-04 15:30:48,876 [InjectionMetadata.java:71][DEBUG]:Registered injected element on class [com.moo.springnetty.server.TCPServer]: AutowiredFieldElement for private io.netty.bootstrap.ServerBootstrap com.moo.springnetty.server.TCPServer.b
2014-03-04 15:30:48,876 [InjectionMetadata.java:71][DEBUG]:Registered injected element on class [com.moo.springnetty.server.TCPServer]: AutowiredFieldElement for private java.net.InetSocketAddress com.moo.springnetty.server.TCPServer.tcpPort
2014-03-04 15:30:48,877 [AbstractAutowireCapableBeanFactory.java:523][DEBUG]:Eagerly caching bean 'TCPServer' to allow for resolving potential circular references
2014-03-04 15:30:48,877 [InjectionMetadata.java:85][DEBUG]:Processing injected method of bean 'TCPServer': AutowiredFieldElement for private io.netty.bootstrap.ServerBootstrap com.moo.springnetty.server.TCPServer.b
2014-03-04 15:30:48,878 [DefaultSingletonBeanRegistry.java:220][DEBUG]:Creating shared instance of singleton bean 'serverBootstrap'
2014-03-04 15:30:48,878 [AbstractAutowireCapableBeanFactory.java:449][DEBUG]:Creating instance of bean 'serverBootstrap'
2014-03-04 15:30:48,879 [AbstractBeanFactory.java:249][DEBUG]:Returning cached instance of singleton bean 'springConfig'
2014-03-04 15:30:48,880 [DefaultSingletonBeanRegistry.java:220][DEBUG]:Creating shared instance of singleton bean 'bossGroup'
2014-03-04 15:30:48,880 [AbstractAutowireCapableBeanFactory.java:449][DEBUG]:Creating instance of bean 'bossGroup'
2014-03-04 15:30:48,881 [AbstractBeanFactory.java:249][DEBUG]:Returning cached instance of singleton bean 'springConfig'
2014-03-04 15:30:48,882 [Slf4JLogger.java:76][DEBUG]:-Dio.netty.eventLoopThreads: 8
2014-03-04 15:30:48,902 [Slf4JLogger.java:76][DEBUG]:-Dio.netty.noKeySetOptimization: false
2014-03-04 15:30:48,902 [Slf4JLogger.java:76][DEBUG]:-Dio.netty.selectorAutoRebuildThreshold: 512
2014-03-04 15:30:48,923 [AbstractAutowireCapableBeanFactory.java:523][DEBUG]:Eagerly caching bean 'bossGroup' to allow for resolving potential circular references
2014-03-04 15:30:48,929 [AbstractAutowireCapableBeanFactory.java:477][DEBUG]:Finished creating instance of bean 'bossGroup'
2014-03-04 15:30:48,929 [DefaultSingletonBeanRegistry.java:220][DEBUG]:Creating shared instance of singleton bean 'workerGroup'
2014-03-04 15:30:48,929 [AbstractAutowireCapableBeanFactory.java:449][DEBUG]:Creating instance of bean 'workerGroup'
2014-03-04 15:30:48,929 [AbstractBeanFactory.java:249][DEBUG]:Returning cached instance of singleton bean 'springConfig'
2014-03-04 15:30:48,936 [AbstractAutowireCapableBeanFactory.java:523][DEBUG]:Eagerly caching bean 'workerGroup' to allow for resolving potential circular references
2014-03-04 15:30:48,936 [AbstractAutowireCapableBeanFactory.java:477][DEBUG]:Finished creating instance of bean 'workerGroup'
2014-03-04 15:30:48,939 [DefaultSingletonBeanRegistry.java:220][DEBUG]:Creating shared instance of singleton bean 'tcpChannelOptions'
2014-03-04 15:30:48,939 [AbstractAutowireCapableBeanFactory.java:449][DEBUG]:Creating instance of bean 'tcpChannelOptions'
2014-03-04 15:30:48,939 [AbstractBeanFactory.java:249][DEBUG]:Returning cached instance of singleton bean 'springConfig'
2014-03-04 15:30:48,954 [AbstractAutowireCapableBeanFactory.java:523][DEBUG]:Eagerly caching bean 'tcpChannelOptions' to allow for resolving potential circular references
2014-03-04 15:30:48,954 [CachedIntrospectionResults.java:195][DEBUG]:Not strongly caching class [java.util.HashMap] because it is not cache-safe
2014-03-04 15:30:48,956 [AbstractAutowireCapableBeanFactory.java:477][DEBUG]:Finished creating instance of bean 'tcpChannelOptions'
2014-03-04 15:30:48,959 [AbstractAutowireCapableBeanFactory.java:523][DEBUG]:Eagerly caching bean 'serverBootstrap' to allow for resolving potential circular references
2014-03-04 15:30:48,962 [AbstractAutowireCapableBeanFactory.java:477][DEBUG]:Finished creating instance of bean 'serverBootstrap'
2014-03-04 15:30:48,962 [AutowiredAnnotationBeanPostProcessor.java:427][DEBUG]:Autowiring by type from bean name 'TCPServer' to bean named 'serverBootstrap'
2014-03-04 15:30:48,962 [InjectionMetadata.java:85][DEBUG]:Processing injected method of bean 'TCPServer': AutowiredFieldElement for private java.net.InetSocketAddress com.moo.springnetty.server.TCPServer.tcpPort
2014-03-04 15:30:48,962 [DefaultSingletonBeanRegistry.java:220][DEBUG]:Creating shared instance of singleton bean 'tcpSocketAddress'
2014-03-04 15:30:48,962 [AbstractAutowireCapableBeanFactory.java:449][DEBUG]:Creating instance of bean 'tcpSocketAddress'
2014-03-04 15:30:48,963 [AbstractBeanFactory.java:249][DEBUG]:Returning cached instance of singleton bean 'springConfig'
2014-03-04 15:30:48,963 [AbstractAutowireCapableBeanFactory.java:523][DEBUG]:Eagerly caching bean 'tcpSocketAddress' to allow for resolving potential circular references
2014-03-04 15:30:48,963 [CachedIntrospectionResults.java:195][DEBUG]:Not strongly caching class [java.net.InetSocketAddress] because it is not cache-safe
2014-03-04 15:30:48,965 [AbstractAutowireCapableBeanFactory.java:477][DEBUG]:Finished creating instance of bean 'tcpSocketAddress'
2014-03-04 15:30:48,965 [AutowiredAnnotationBeanPostProcessor.java:427][DEBUG]:Autowiring by type from bean name 'TCPServer' to bean named 'tcpSocketAddress'
2014-03-04 15:30:48,965 [InitDestroyAnnotationBeanPostProcessor.java:298][DEBUG]:Invoking init method on bean 'TCPServer': public void com.moo.springnetty.server.TCPServer.start() throws java.lang.Exception
2014-03-04 15:30:48,991 [Slf4JLogger.java:71][DEBUG]:-Dio.netty.initialSeedUniquifier: 0x26736a9a1d193574
2014-03-04 15:30:48,997 [Slf4JLogger.java:76][DEBUG]:-Dio.netty.threadLocalDirectBufferSize: 65536
2014-03-04 15:30:49,008 [Slf4JLogger.java:76][DEBUG]:-Dio.netty.allocator.type: unpooled
2014-03-04 15:30:49,036 [Slf4JLogger.java:76][DEBUG]:Loopback interface: Software Loopback Interface 1
2014-03-04 15:30:49,037 [Slf4JLogger.java:76][DEBUG]:Loopback address: /0:0:0:0:0:0:0:1 (primary)
2014-03-04 15:30:49,037 [Slf4JLogger.java:76][DEBUG]:Loopback address: /127.0.0.1
2014-03-04 15:31:06,905 [Slf4JLogger.java:81][DEBUG]:-Dio.netty.leakDetectionLevel: simple
